[LOG]: <21:06:11> Bad file descriptor: Socket Error: ERR PROTOCOLajegkajbegk had trouble in sending the message.
[LOG]: <21:09:25> Bad file descriptor: Socket Error: ERR PROTOCOLLeon had trouble in sending the message.
[LOG]: <21:14:13> Connection reset by peer: Socket Error: ERR PROTOCOLLeon had trouble in sending the message.
[LOG]: <21:25:57> Connection reset by peer: Socket Error: ERR PROTOCOLLEON had trouble in sending the message.
[LOG]: <22:22:54> Success: Socket Error: ERR PROTOCOL client - 0 disconnected from server.
[LOG]: <22:22:55> Broken pipe: Socket Error: ERR PROTOCOL - client - 0 had trouble in sending the message.
[LOG]: <22:24:03> Success: Socket Error: server is full message in main for: client_fd=5.
[LOG]: <22:26:29> Success: Socket Error: server is full message in main for: client_fd=5.
[LOG]: <22:31:41> Success: Socket Error: ERR PROTOCOL Leon disconnected from server.
[LOG]: <22:31:41> Broken pipe: Socket Error: ERR PROTOCOL - Leon had trouble in sending the message.
[LOG]: <22:35:54> Success: Socket Error: server is full message in main for: client_fd=5.
[LOG]: <23:06:53> Success: Socket Error: server is full message in main for: client_fd=6.
[LOG]: <23:07:08> Success: Socket Error: The name - ONEexists already.
[LOG]: <23:09:59> Success: Socket Error: The name - LEON exists already.
[LOG]: <23:10:01> Bad file descriptor: Socket Error: ERR PROTOCOL - LEON had trouble in sending the message.
[LOG]: <23:10:01> Bad file descriptor: Socket Error: ERR PROTOCOL - LEON had trouble in sending the message.
[LOG]: <23:12:37> Success: Socket Error: The name - LEON exists already.
[LOG]: <23:12:39> Bad file descriptor: Socket Error: ERR PROTOCOL - LEON had trouble in sending the message.
[LOG]: <23:12:39> Bad file descriptor: Socket Error: ERR PROTOCOL - LEON had trouble in sending the message.
[LOG]: <23:30:29> Success: Socket Error: The name - LEON exists already.
[LOG]: <23:30:31> Bad file descriptor: Socket Error: ERR PROTOCOL - LEON had trouble in sending the message.
[LOG]: <23:30:31> Bad file descriptor: Socket Error: ERR PROTOCOL - LEON had trouble in sending the message.
[LOG]: <23:46:48> Success: Socket Error: The name - LEON exists already.
